[[36m2022-03-04 00:55:48,177[0m][[34m__main__[0m][[32mINFO[0m] - Config:
modality: RGB
seed: 42
data:
  frame_count: 8
  segment_length: 1
  _root_gulp_dir: /home/students/s121md105_01/EPIC-KITCHENS/C1-Action-Recognition-TSN-TRN-TSM/rgb_train
  train_gulp_dir: ${data._root_gulp_dir}/rgb_train
  val_gulp_dir: ${data._root_gulp_dir}/rgb_validation
  test_gulp_dir: ${data._root_gulp_dir}/rgb_test
  worker_count: 16
  pin_memory: true
  preprocessing:
    bgr: false
    rescale: true
    input_size: 224
    scale_size: 256
    mean:
    - 0.485
    - 0.456
    - 0.406
    std:
    - 0.485
    - 0.456
    - 0.406
  train_augmentation:
    multiscale_crop_scales:
    - 1
    - 0.875
    - 0.75
    - 0.66
  test_augmentation:
    rescale_size: 256
model:
  type: TSM
  backbone: resnet50
  pretrained: kinetics
  dropout: 0.7
  partial_bn: true
  shift_div: 8
  non_local: false
  temporal_pool: false
learning:
  batch_size: 64
  optimizer:
    type: SGD
    momentum: 0.9
    weight_decay: 0.0005
  lr: 0.01
  lr_scheduler:
    type: StepLR
    gamma: 0.1
    epochs:
    - 20
    - 40
trainer:
  gradient_clip_val: 20
  max_epochs: 80
  log_every_n_steps: 5
  flush_logs_every_n_steps: 20
  weights_summary: full
  benchmark: true
  accelerator: dp
  gpus: 4
[0m
Global seed set to 42
[[36m2022-03-04 00:55:48,230[0m][[34mmodels.tsm[0m][[32mINFO[0m] - 
    Initializing TSM with base model: resnet50.

    TSM Configuration:
        input_modality:     RGB
        num_segments:       8
        segment_length:     1
        consensus_module:   avg
        dropout_ratio:      0.7
            [0m
[[36m2022-03-04 00:55:48,230[0m][[34mmodels.tsm[0m][[32mINFO[0m] - base model: resnet50[0m
[[36m2022-03-04 00:55:48,632[0m][[34mmodels.tsm[0m][[32mINFO[0m] - Adding temporal shift...[0m
[[36m2022-03-04 00:55:48,632[0m][[34mops.temporal_shift[0m][[32mINFO[0m] - => n_segment per stage: [8, 8, 8, 8][0m
[[36m2022-03-04 00:55:48,632[0m][[34mops.temporal_shift[0m][[32mINFO[0m] - => Processing stage with 3 blocks residual[0m
[[36m2022-03-04 00:55:48,633[0m][[34mops.temporal_shift[0m][[32mINFO[0m] - => Using fold div: 8[0m
[[36m2022-03-04 00:55:48,633[0m][[34mops.temporal_shift[0m][[32mINFO[0m] - => Using fold div: 8[0m
[[36m2022-03-04 00:55:48,633[0m][[34mops.temporal_shift[0m][[32mINFO[0m] - => Using fold div: 8[0m
[[36m2022-03-04 00:55:48,633[0m][[34mops.temporal_shift[0m][[32mINFO[0m] - => Processing stage with 4 blocks residual[0m
[[36m2022-03-04 00:55:48,633[0m][[34mops.temporal_shift[0m][[32mINFO[0m] - => Using fold div: 8[0m
[[36m2022-03-04 00:55:48,633[0m][[34mops.temporal_shift[0m][[32mINFO[0m] - => Using fold div: 8[0m
[[36m2022-03-04 00:55:48,634[0m][[34mops.temporal_shift[0m][[32mINFO[0m] - => Using fold div: 8[0m
[[36m2022-03-04 00:55:48,635[0m][[34mops.temporal_shift[0m][[32mINFO[0m] - => Using fold div: 8[0m
[[36m2022-03-04 00:55:48,635[0m][[34mops.temporal_shift[0m][[32mINFO[0m] - => Processing stage with 6 blocks residual[0m
[[36m2022-03-04 00:55:48,635[0m][[34mops.temporal_shift[0m][[32mINFO[0m] - => Using fold div: 8[0m
[[36m2022-03-04 00:55:48,635[0m][[34mops.temporal_shift[0m][[32mINFO[0m] - => Using fold div: 8[0m
[[36m2022-03-04 00:55:48,635[0m][[34mops.temporal_shift[0m][[32mINFO[0m] - => Using fold div: 8[0m
[[36m2022-03-04 00:55:48,636[0m][[34mops.temporal_shift[0m][[32mINFO[0m] - => Using fold div: 8[0m
[[36m2022-03-04 00:55:48,636[0m][[34mops.temporal_shift[0m][[32mINFO[0m] - => Using fold div: 8[0m
[[36m2022-03-04 00:55:48,636[0m][[34mops.temporal_shift[0m][[32mINFO[0m] - => Using fold div: 8[0m
[[36m2022-03-04 00:55:48,636[0m][[34mops.temporal_shift[0m][[32mINFO[0m] - => Processing stage with 3 blocks residual[0m
[[36m2022-03-04 00:55:48,636[0m][[34mops.temporal_shift[0m][[32mINFO[0m] - => Using fold div: 8[0m
[[36m2022-03-04 00:55:48,636[0m][[34mops.temporal_shift[0m][[32mINFO[0m] - => Using fold div: 8[0m
[[36m2022-03-04 00:55:48,636[0m][[34mops.temporal_shift[0m][[32mINFO[0m] - => Using fold div: 8[0m
[[36m2022-03-04 00:55:48,650[0m][[34mmodels.tsm[0m][[32mINFO[0m] - Loading kinetics pretrained weights[0m
[[36m2022-03-04 00:55:50,153[0m][[34mmodels.tsm[0m][[33mWARNING[0m] - Missing keys in checkpoint: ['new_fc.weight', 'new_fc.bias'][0m
[[36m2022-03-04 00:55:50,153[0m][[34mmodels.tsm[0m][[32mINFO[0m] - Loading kinetics pretrained RGB weights[0m
GPU available: True, used: True
TPU available: None, using: 0 TPU cores
LOCAL_RANK: 0 - CUDA_VISIBLE_DEVICES: [0,1,2,3]
[[36m2022-03-04 00:55:50,655[0m][[34mmodels.tsm[0m][[32mINFO[0m] - Freezing BatchNorm2D except the first one.[0m

    | Name                                   | Type              | Params | In sizes            | Out sizes        
-------------------------------------------------------------------------------------------------------------------------
0   | model                                  | TSM               | 24.3 M | [1, 8, 3, 224, 224] | [1, 397]         
1   | model.base_model                       | ResNet            | 23.5 M | [8, 3, 224, 224]    | [8, 2048]        
2   | model.base_model.conv1                 | Conv2d            | 9.4 K  | [8, 3, 224, 224]    | [8, 64, 112, 112]
3   | model.base_model.bn1                   | BatchNorm2d       | 128    | [8, 64, 112, 112]   | [8, 64, 112, 112]
4   | model.base_model.relu                  | ReLU              | 0      | [8, 64, 112, 112]   | [8, 64, 112, 112]
5   | model.base_model.maxpool               | MaxPool2d         | 0      | [8, 64, 112, 112]   | [8, 64, 56, 56]  
6   | model.base_model.layer1                | Sequential        | 215 K  | [8, 64, 56, 56]     | [8, 256, 56, 56] 
7   | model.base_model.layer1.0              | Bottleneck        | 75.0 K | [8, 64, 56, 56]     | [8, 256, 56, 56] 
8   | model.base_model.layer1.0.conv1        | TemporalShift     | 4.1 K  | [8, 64, 56, 56]     | [8, 64, 56, 56]  
9   | model.base_model.layer1.0.conv1.net    | Conv2d            | 4.1 K  | [8, 64, 56, 56]     | [8, 64, 56, 56]  
10  | model.base_model.layer1.0.bn1          | BatchNorm2d       | 128    | [8, 64, 56, 56]     | [8, 64, 56, 56]  
11  | model.base_model.layer1.0.conv2        | Conv2d            | 36.9 K | [8, 64, 56, 56]     | [8, 64, 56, 56]  
12  | model.base_model.layer1.0.bn2          | BatchNorm2d       | 128    | [8, 64, 56, 56]     | [8, 64, 56, 56]  
13  | model.base_model.layer1.0.conv3        | Conv2d            | 16.4 K | [8, 64, 56, 56]     | [8, 256, 56, 56] 
14  | model.base_model.layer1.0.bn3          | BatchNorm2d       | 512    | [8, 256, 56, 56]    | [8, 256, 56, 56] 
15  | model.base_model.layer1.0.relu         | ReLU              | 0      | [8, 64, 56, 56]     | [8, 64, 56, 56]  
16  | model.base_model.layer1.0.downsample   | Sequential        | 16.9 K | [8, 64, 56, 56]     | [8, 256, 56, 56] 
17  | model.base_model.layer1.0.downsample.0 | Conv2d            | 16.4 K | [8, 64, 56, 56]     | [8, 256, 56, 56] 
18  | model.base_model.layer1.0.downsample.1 | BatchNorm2d       | 512    | [8, 256, 56, 56]    | [8, 256, 56, 56] 
19  | model.base_model.layer1.1              | Bottleneck        | 70.4 K | [8, 256, 56, 56]    | [8, 256, 56, 56] 
20  | model.base_model.layer1.1.conv1        | TemporalShift     | 16.4 K | [8, 256, 56, 56]    | [8, 64, 56, 56]  
21  | model.base_model.layer1.1.conv1.net    | Conv2d            | 16.4 K | [8, 256, 56, 56]    | [8, 64, 56, 56]  
22  | model.base_model.layer1.1.bn1          | BatchNorm2d       | 128    | [8, 64, 56, 56]     | [8, 64, 56, 56]  
23  | model.base_model.layer1.1.conv2        | Conv2d            | 36.9 K | [8, 64, 56, 56]     | [8, 64, 56, 56]  
24  | model.base_model.layer1.1.bn2          | BatchNorm2d       | 128    | [8, 64, 56, 56]     | [8, 64, 56, 56]  
25  | model.base_model.layer1.1.conv3        | Conv2d            | 16.4 K | [8, 64, 56, 56]     | [8, 256, 56, 56] 
26  | model.base_model.layer1.1.bn3          | BatchNorm2d       | 512    | [8, 256, 56, 56]    | [8, 256, 56, 56] 
27  | model.base_model.layer1.1.relu         | ReLU              | 0      | [8, 64, 56, 56]     | [8, 64, 56, 56]  
28  | model.base_model.layer1.2              | Bottleneck        | 70.4 K | [8, 256, 56, 56]    | [8, 256, 56, 56] 
29  | model.base_model.layer1.2.conv1        | TemporalShift     | 16.4 K | [8, 256, 56, 56]    | [8, 64, 56, 56]  
30  | model.base_model.layer1.2.conv1.net    | Conv2d            | 16.4 K | [8, 256, 56, 56]    | [8, 64, 56, 56]  
31  | model.base_model.layer1.2.bn1          | BatchNorm2d       | 128    | [8, 64, 56, 56]     | [8, 64, 56, 56]  
32  | model.base_model.layer1.2.conv2        | Conv2d            | 36.9 K | [8, 64, 56, 56]     | [8, 64, 56, 56]  
33  | model.base_model.layer1.2.bn2          | BatchNorm2d       | 128    | [8, 64, 56, 56]     | [8, 64, 56, 56]  
34  | model.base_model.layer1.2.conv3        | Conv2d            | 16.4 K | [8, 64, 56, 56]     | [8, 256, 56, 56] 
35  | model.base_model.layer1.2.bn3          | BatchNorm2d       | 512    | [8, 256, 56, 56]    | [8, 256, 56, 56] 
36  | model.base_model.layer1.2.relu         | ReLU              | 0      | [8, 64, 56, 56]     | [8, 64, 56, 56]  
37  | model.base_model.layer2                | Sequential        | 1.2 M  | [8, 256, 56, 56]    | [8, 512, 28, 28] 
38  | model.base_model.layer2.0              | Bottleneck        | 379 K  | [8, 256, 56, 56]    | [8, 512, 28, 28] 
39  | model.base_model.layer2.0.conv1        | TemporalShift     | 32.8 K | [8, 256, 56, 56]    | [8, 128, 56, 56] 
40  | model.base_model.layer2.0.conv1.net    | Conv2d            | 32.8 K | [8, 256, 56, 56]    | [8, 128, 56, 56] 
41  | model.base_model.layer2.0.bn1          | BatchNorm2d       | 256    | [8, 128, 56, 56]    | [8, 128, 56, 56] 
42  | model.base_model.layer2.0.conv2        | Conv2d            | 147 K  | [8, 128, 56, 56]    | [8, 128, 28, 28] 
43  | model.base_model.layer2.0.bn2          | BatchNorm2d       | 256    | [8, 128, 28, 28]    | [8, 128, 28, 28] 
44  | model.base_model.layer2.0.conv3        | Conv2d            | 65.5 K | [8, 128, 28, 28]    | [8, 512, 28, 28] 
45  | model.base_model.layer2.0.bn3          | BatchNorm2d       | 1.0 K  | [8, 512, 28, 28]    | [8, 512, 28, 28] 
46  | model.base_model.layer2.0.relu         | ReLU              | 0      | [8, 128, 56, 56]    | [8, 128, 56, 56] 
47  | model.base_model.layer2.0.downsample   | Sequential        | 132 K  | [8, 256, 56, 56]    | [8, 512, 28, 28] 
48  | model.base_model.layer2.0.downsample.0 | Conv2d            | 131 K  | [8, 256, 56, 56]    | [8, 512, 28, 28] 
49  | model.base_model.layer2.0.downsample.1 | BatchNorm2d       | 1.0 K  | [8, 512, 28, 28]    | [8, 512, 28, 28] 
50  | model.base_model.layer2.1              | Bottleneck        | 280 K  | [8, 512, 28, 28]    | [8, 512, 28, 28] 
51  | model.base_model.layer2.1.conv1        | TemporalShift     | 65.5 K | [8, 512, 28, 28]    | [8, 128, 28, 28] 
52  | model.base_model.layer2.1.conv1.net    | Conv2d            | 65.5 K | [8, 512, 28, 28]    | [8, 128, 28, 28] 
53  | model.base_model.layer2.1.bn1          | BatchNorm2d       | 256    | [8, 128, 28, 28]    | [8, 128, 28, 28] 
54  | model.base_model.layer2.1.conv2        | Conv2d            | 147 K  | [8, 128, 28, 28]    | [8, 128, 28, 28] 
55  | model.base_model.layer2.1.bn2          | BatchNorm2d       | 256    | [8, 128, 28, 28]    | [8, 128, 28, 28] 
56  | model.base_model.layer2.1.conv3        | Conv2d            | 65.5 K | [8, 128, 28, 28]    | [8, 512, 28, 28] 
57  | model.base_model.layer2.1.bn3          | BatchNorm2d       | 1.0 K  | [8, 512, 28, 28]    | [8, 512, 28, 28] 
58  | model.base_model.layer2.1.relu         | ReLU              | 0      | [8, 128, 28, 28]    | [8, 128, 28, 28] 
59  | model.base_model.layer2.2              | Bottleneck        | 280 K  | [8, 512, 28, 28]    | [8, 512, 28, 28] 
60  | model.base_model.layer2.2.conv1        | TemporalShift     | 65.5 K | [8, 512, 28, 28]    | [8, 128, 28, 28] 
61  | model.base_model.layer2.2.conv1.net    | Conv2d            | 65.5 K | [8, 512, 28, 28]    | [8, 128, 28, 28] 
62  | model.base_model.layer2.2.bn1          | BatchNorm2d       | 256    | [8, 128, 28, 28]    | [8, 128, 28, 28] 
63  | model.base_model.layer2.2.conv2        | Conv2d            | 147 K  | [8, 128, 28, 28]    | [8, 128, 28, 28] 
64  | model.base_model.layer2.2.bn2          | BatchNorm2d       | 256    | [8, 128, 28, 28]    | [8, 128, 28, 28] 
65  | model.base_model.layer2.2.conv3        | Conv2d            | 65.5 K | [8, 128, 28, 28]    | [8, 512, 28, 28] 
66  | model.base_model.layer2.2.bn3          | BatchNorm2d       | 1.0 K  | [8, 512, 28, 28]    | [8, 512, 28, 28] 
67  | model.base_model.layer2.2.relu         | ReLU              | 0      | [8, 128, 28, 28]    | [8, 128, 28, 28] 
68  | model.base_model.layer2.3              | Bottleneck        | 280 K  | [8, 512, 28, 28]    | [8, 512, 28, 28] 
69  | model.base_model.layer2.3.conv1        | TemporalShift     | 65.5 K | [8, 512, 28, 28]    | [8, 128, 28, 28] 
70  | model.base_model.layer2.3.conv1.net    | Conv2d            | 65.5 K | [8, 512, 28, 28]    | [8, 128, 28, 28] 
71  | model.base_model.layer2.3.bn1          | BatchNorm2d       | 256    | [8, 128, 28, 28]    | [8, 128, 28, 28] 
72  | model.base_model.layer2.3.conv2        | Conv2d            | 147 K  | [8, 128, 28, 28]    | [8, 128, 28, 28] 
73  | model.base_model.layer2.3.bn2          | BatchNorm2d       | 256    | [8, 128, 28, 28]    | [8, 128, 28, 28] 
74  | model.base_model.layer2.3.conv3        | Conv2d            | 65.5 K | [8, 128, 28, 28]    | [8, 512, 28, 28] 
75  | model.base_model.layer2.3.bn3          | BatchNorm2d       | 1.0 K  | [8, 512, 28, 28]    | [8, 512, 28, 28] 
76  | model.base_model.layer2.3.relu         | ReLU              | 0      | [8, 128, 28, 28]    | [8, 128, 28, 28] 
77  | model.base_model.layer3                | Sequential        | 7.1 M  | [8, 512, 28, 28]    | [8, 1024, 14, 14]
78  | model.base_model.layer3.0              | Bottleneck        | 1.5 M  | [8, 512, 28, 28]    | [8, 1024, 14, 14]
79  | model.base_model.layer3.0.conv1        | TemporalShift     | 131 K  | [8, 512, 28, 28]    | [8, 256, 28, 28] 
80  | model.base_model.layer3.0.conv1.net    | Conv2d            | 131 K  | [8, 512, 28, 28]    | [8, 256, 28, 28] 
81  | model.base_model.layer3.0.bn1          | BatchNorm2d       | 512    | [8, 256, 28, 28]    | [8, 256, 28, 28] 
82  | model.base_model.layer3.0.conv2        | Conv2d            | 589 K  | [8, 256, 28, 28]    | [8, 256, 14, 14] 
83  | model.base_model.layer3.0.bn2          | BatchNorm2d       | 512    | [8, 256, 14, 14]    | [8, 256, 14, 14] 
84  | model.base_model.layer3.0.conv3        | Conv2d            | 262 K  | [8, 256, 14, 14]    | [8, 1024, 14, 14]
85  | model.base_model.layer3.0.bn3          | BatchNorm2d       | 2.0 K  | [8, 1024, 14, 14]   | [8, 1024, 14, 14]
86  | model.base_model.layer3.0.relu         | ReLU              | 0      | [8, 256, 28, 28]    | [8, 256, 28, 28] 
87  | model.base_model.layer3.0.downsample   | Sequential        | 526 K  | [8, 512, 28, 28]    | [8, 1024, 14, 14]
88  | model.base_model.layer3.0.downsample.0 | Conv2d            | 524 K  | [8, 512, 28, 28]    | [8, 1024, 14, 14]
89  | model.base_model.layer3.0.downsample.1 | BatchNorm2d       | 2.0 K  | [8, 1024, 14, 14]   | [8, 1024, 14, 14]
90  | model.base_model.layer3.1              | Bottleneck        | 1.1 M  | [8, 1024, 14, 14]   | [8, 1024, 14, 14]
91  | model.base_model.layer3.1.conv1        | TemporalShift     | 262 K  | [8, 1024, 14, 14]   | [8, 256, 14, 14] 
92  | model.base_model.layer3.1.conv1.net    | Conv2d            | 262 K  | [8, 1024, 14, 14]   | [8, 256, 14, 14] 
93  | model.base_model.layer3.1.bn1          | BatchNorm2d       | 512    | [8, 256, 14, 14]    | [8, 256, 14, 14] 
94  | model.base_model.layer3.1.conv2        | Conv2d            | 589 K  | [8, 256, 14, 14]    | [8, 256, 14, 14] 
95  | model.base_model.layer3.1.bn2          | BatchNorm2d       | 512    | [8, 256, 14, 14]    | [8, 256, 14, 14] 
96  | model.base_model.layer3.1.conv3        | Conv2d            | 262 K  | [8, 256, 14, 14]    | [8, 1024, 14, 14]
97  | model.base_model.layer3.1.bn3          | BatchNorm2d       | 2.0 K  | [8, 1024, 14, 14]   | [8, 1024, 14, 14]
98  | model.base_model.layer3.1.relu         | ReLU              | 0      | [8, 256, 14, 14]    | [8, 256, 14, 14] 
99  | model.base_model.layer3.2              | Bottleneck        | 1.1 M  | [8, 1024, 14, 14]   | [8, 1024, 14, 14]
100 | model.base_model.layer3.2.conv1        | TemporalShift     | 262 K  | [8, 1024, 14, 14]   | [8, 256, 14, 14] 
101 | model.base_model.layer3.2.conv1.net    | Conv2d            | 262 K  | [8, 1024, 14, 14]   | [8, 256, 14, 14] 
102 | model.base_model.layer3.2.bn1          | BatchNorm2d       | 512    | [8, 256, 14, 14]    | [8, 256, 14, 14] 
103 | model.base_model.layer3.2.conv2        | Conv2d            | 589 K  | [8, 256, 14, 14]    | [8, 256, 14, 14] 
104 | model.base_model.layer3.2.bn2          | BatchNorm2d       | 512    | [8, 256, 14, 14]    | [8, 256, 14, 14] 
105 | model.base_model.layer3.2.conv3        | Conv2d            | 262 K  | [8, 256, 14, 14]    | [8, 1024, 14, 14]
106 | model.base_model.layer3.2.bn3          | BatchNorm2d       | 2.0 K  | [8, 1024, 14, 14]   | [8, 1024, 14, 14]
107 | model.base_model.layer3.2.relu         | ReLU              | 0      | [8, 256, 14, 14]    | [8, 256, 14, 14] 
108 | model.base_model.layer3.3              | Bottleneck        | 1.1 M  | [8, 1024, 14, 14]   | [8, 1024, 14, 14]
109 | model.base_model.layer3.3.conv1        | TemporalShift     | 262 K  | [8, 1024, 14, 14]   | [8, 256, 14, 14] 
110 | model.base_model.layer3.3.conv1.net    | Conv2d            | 262 K  | [8, 1024, 14, 14]   | [8, 256, 14, 14] 
111 | model.base_model.layer3.3.bn1          | BatchNorm2d       | 512    | [8, 256, 14, 14]    | [8, 256, 14, 14] 
112 | model.base_model.layer3.3.conv2        | Conv2d            | 589 K  | [8, 256, 14, 14]    | [8, 256, 14, 14] 
113 | model.base_model.layer3.3.bn2          | BatchNorm2d       | 512    | [8, 256, 14, 14]    | [8, 256, 14, 14] 
114 | model.base_model.layer3.3.conv3        | Conv2d            | 262 K  | [8, 256, 14, 14]    | [8, 1024, 14, 14]
115 | model.base_model.layer3.3.bn3          | BatchNorm2d       | 2.0 K  | [8, 1024, 14, 14]   | [8, 1024, 14, 14]
116 | model.base_model.layer3.3.relu         | ReLU              | 0      | [8, 256, 14, 14]    | [8, 256, 14, 14] 
117 | model.base_model.layer3.4              | Bottleneck        | 1.1 M  | [8, 1024, 14, 14]   | [8, 1024, 14, 14]
118 | model.base_model.layer3.4.conv1        | TemporalShift     | 262 K  | [8, 1024, 14, 14]   | [8, 256, 14, 14] 
119 | model.base_model.layer3.4.conv1.net    | Conv2d            | 262 K  | [8, 1024, 14, 14]   | [8, 256, 14, 14] 
120 | model.base_model.layer3.4.bn1          | BatchNorm2d       | 512    | [8, 256, 14, 14]    | [8, 256, 14, 14] 
121 | model.base_model.layer3.4.conv2        | Conv2d            | 589 K  | [8, 256, 14, 14]    | [8, 256, 14, 14] 
122 | model.base_model.layer3.4.bn2          | BatchNorm2d       | 512    | [8, 256, 14, 14]    | [8, 256, 14, 14] 
123 | model.base_model.layer3.4.conv3        | Conv2d            | 262 K  | [8, 256, 14, 14]    | [8, 1024, 14, 14]
124 | model.base_model.layer3.4.bn3          | BatchNorm2d       | 2.0 K  | [8, 1024, 14, 14]   | [8, 1024, 14, 14]
125 | model.base_model.layer3.4.relu         | ReLU              | 0      | [8, 256, 14, 14]    | [8, 256, 14, 14] 
126 | model.base_model.layer3.5              | Bottleneck        | 1.1 M  | [8, 1024, 14, 14]   | [8, 1024, 14, 14]
127 | model.base_model.layer3.5.conv1        | TemporalShift     | 262 K  | [8, 1024, 14, 14]   | [8, 256, 14, 14] 
128 | model.base_model.layer3.5.conv1.net    | Conv2d            | 262 K  | [8, 1024, 14, 14]   | [8, 256, 14, 14] 
129 | model.base_model.layer3.5.bn1          | BatchNorm2d       | 512    | [8, 256, 14, 14]    | [8, 256, 14, 14] 
130 | model.base_model.layer3.5.conv2        | Conv2d            | 589 K  | [8, 256, 14, 14]    | [8, 256, 14, 14] 
131 | model.base_model.layer3.5.bn2          | BatchNorm2d       | 512    | [8, 256, 14, 14]    | [8, 256, 14, 14] 
132 | model.base_model.layer3.5.conv3        | Conv2d            | 262 K  | [8, 256, 14, 14]    | [8, 1024, 14, 14]
133 | model.base_model.layer3.5.bn3          | BatchNorm2d       | 2.0 K  | [8, 1024, 14, 14]   | [8, 1024, 14, 14]
134 | model.base_model.layer3.5.relu         | ReLU              | 0      | [8, 256, 14, 14]    | [8, 256, 14, 14] 
135 | model.base_model.layer4                | Sequential        | 15.0 M | [8, 1024, 14, 14]   | [8, 2048, 7, 7]  
136 | model.base_model.layer4.0              | Bottleneck        | 6.0 M  | [8, 1024, 14, 14]   | [8, 2048, 7, 7]  
137 | model.base_model.layer4.0.conv1        | TemporalShift     | 524 K  | [8, 1024, 14, 14]   | [8, 512, 14, 14] 
138 | model.base_model.layer4.0.conv1.net    | Conv2d            | 524 K  | [8, 1024, 14, 14]   | [8, 512, 14, 14] 
139 | model.base_model.layer4.0.bn1          | BatchNorm2d       | 1.0 K  | [8, 512, 14, 14]    | [8, 512, 14, 14] 
140 | model.base_model.layer4.0.conv2        | Conv2d            | 2.4 M  | [8, 512, 14, 14]    | [8, 512, 7, 7]   
141 | model.base_model.layer4.0.bn2          | BatchNorm2d       | 1.0 K  | [8, 512, 7, 7]      | [8, 512, 7, 7]   
142 | model.base_model.layer4.0.conv3        | Conv2d            | 1.0 M  | [8, 512, 7, 7]      | [8, 2048, 7, 7]  
143 | model.base_model.layer4.0.bn3          | BatchNorm2d       | 4.1 K  | [8, 2048, 7, 7]     | [8, 2048, 7, 7]  
144 | model.base_model.layer4.0.relu         | ReLU              | 0      | [8, 512, 14, 14]    | [8, 512, 14, 14] 
145 | model.base_model.layer4.0.downsample   | Sequential        | 2.1 M  | [8, 1024, 14, 14]   | [8, 2048, 7, 7]  
146 | model.base_model.layer4.0.downsample.0 | Conv2d            | 2.1 M  | [8, 1024, 14, 14]   | [8, 2048, 7, 7]  
147 | model.base_model.layer4.0.downsample.1 | BatchNorm2d       | 4.1 K  | [8, 2048, 7, 7]     | [8, 2048, 7, 7]  
148 | model.base_model.layer4.1              | Bottleneck        | 4.5 M  | [8, 2048, 7, 7]     | [8, 2048, 7, 7]  
149 | model.base_model.layer4.1.conv1        | TemporalShift     | 1.0 M  | [8, 2048, 7, 7]     | [8, 512, 7, 7]   
150 | model.base_model.layer4.1.conv1.net    | Conv2d            | 1.0 M  | [8, 2048, 7, 7]     | [8, 512, 7, 7]   
151 | model.base_model.layer4.1.bn1          | BatchNorm2d       | 1.0 K  | [8, 512, 7, 7]      | [8, 512, 7, 7]   
152 | model.base_model.layer4.1.conv2        | Conv2d            | 2.4 M  | [8, 512, 7, 7]      | [8, 512, 7, 7]   
153 | model.base_model.layer4.1.bn2          | BatchNorm2d       | 1.0 K  | [8, 512, 7, 7]      | [8, 512, 7, 7]   
154 | model.base_model.layer4.1.conv3        | Conv2d            | 1.0 M  | [8, 512, 7, 7]      | [8, 2048, 7, 7]  
155 | model.base_model.layer4.1.bn3          | BatchNorm2d       | 4.1 K  | [8, 2048, 7, 7]     | [8, 2048, 7, 7]  
156 | model.base_model.layer4.1.relu         | ReLU              | 0      | [8, 512, 7, 7]      | [8, 512, 7, 7]   
157 | model.base_model.layer4.2              | Bottleneck        | 4.5 M  | [8, 2048, 7, 7]     | [8, 2048, 7, 7]  
158 | model.base_model.layer4.2.conv1        | TemporalShift     | 1.0 M  | [8, 2048, 7, 7]     | [8, 512, 7, 7]   
159 | model.base_model.layer4.2.conv1.net    | Conv2d            | 1.0 M  | [8, 2048, 7, 7]     | [8, 512, 7, 7]   
160 | model.base_model.layer4.2.bn1          | BatchNorm2d       | 1.0 K  | [8, 512, 7, 7]      | [8, 512, 7, 7]   
161 | model.base_model.layer4.2.conv2        | Conv2d            | 2.4 M  | [8, 512, 7, 7]      | [8, 512, 7, 7]   
162 | model.base_model.layer4.2.bn2          | BatchNorm2d       | 1.0 K  | [8, 512, 7, 7]      | [8, 512, 7, 7]   
163 | model.base_model.layer4.2.conv3        | Conv2d            | 1.0 M  | [8, 512, 7, 7]      | [8, 2048, 7, 7]  
164 | model.base_model.layer4.2.bn3          | BatchNorm2d       | 4.1 K  | [8, 2048, 7, 7]     | [8, 2048, 7, 7]  
165 | model.base_model.layer4.2.relu         | ReLU              | 0      | [8, 512, 7, 7]      | [8, 512, 7, 7]   
166 | model.base_model.avgpool               | AdaptiveAvgPool2d | 0      | [8, 2048, 7, 7]     | [8, 2048, 1, 1]  
167 | model.base_model.fc                    | Dropout           | 0      | [8, 2048]           | [8, 2048]        
168 | model.new_fc                           | Linear            | 813 K  | [8, 2048]           | [8, 397]         
169 | model.consensus                        | ConsensusModule   | 0      | [1, 8, 397]         | [1, 397]         
-------------------------------------------------------------------------------------------------------------------------
24.3 M    Trainable params
53.0 K    Non-trainable params
24.3 M    Total params
[[36m2022-03-04 00:55:50,689[0m][[34msystems[0m][[32mINFO[0m] - Validation dataset: frame count 8[0m
Traceback (most recent call last):
  File "src/train.py", line 34, in main
    trainer.fit(system, datamodule=data_module)
  File "/home/students/s121md105_01/anaconda3/envs/epic-models/lib/python3.8/site-packages/pytorch_lightning/trainer/trainer.py", line 510, in fit
    results = self.accelerator_backend.train()
  File "/home/students/s121md105_01/anaconda3/envs/epic-models/lib/python3.8/site-packages/pytorch_lightning/accelerators/accelerator.py", line 57, in train
    return self.train_or_test()
  File "/home/students/s121md105_01/anaconda3/envs/epic-models/lib/python3.8/site-packages/pytorch_lightning/accelerators/accelerator.py", line 74, in train_or_test
    results = self.trainer.train()
  File "/home/students/s121md105_01/anaconda3/envs/epic-models/lib/python3.8/site-packages/pytorch_lightning/trainer/trainer.py", line 532, in train
    self.run_sanity_check(self.get_model())
  File "/home/students/s121md105_01/anaconda3/envs/epic-models/lib/python3.8/site-packages/pytorch_lightning/trainer/trainer.py", line 721, in run_sanity_check
    self.reset_val_dataloader(ref_model)
  File "/home/students/s121md105_01/anaconda3/envs/epic-models/lib/python3.8/site-packages/pytorch_lightning/trainer/data_loading.py", line 287, in reset_val_dataloader
    self.num_val_batches, self.val_dataloaders = self._reset_eval_dataloader(model, 'val')
  File "/home/students/s121md105_01/anaconda3/envs/epic-models/lib/python3.8/site-packages/pytorch_lightning/trainer/data_loading.py", line 207, in _reset_eval_dataloader
    dataloaders = self.request_dataloader(getattr(model, loader_name))
  File "/home/students/s121md105_01/anaconda3/envs/epic-models/lib/python3.8/site-packages/pytorch_lightning/trainer/data_loading.py", line 310, in request_dataloader
    dataloader = dataloader_fx()
  File "/home/students/s121md105_01/EPIC-KITCHENS/C1-Action-Recognition-TSN-TRN-TSM/src/systems.py", line 130, in val_dataloader
    self._get_video_dataset(self.val_gulp_dir),
  File "/home/students/s121md105_01/EPIC-KITCHENS/C1-Action-Recognition-TSN-TRN-TSM/src/systems.py", line 166, in _get_video_dataset
    return EpicVideoDataset(gulp_dir_path, drop_problematic_metadata=True)
  File "/home/students/s121md105_01/EPIC-KITCHENS/C1-Action-Recognition-TSN-TRN-TSM/src/datasets/epic_dataset.py", line 77, in __init__
    assert gulp_path.exists(), "Could not find the path {}".format(gulp_path)
AssertionError: Could not find the path /home/students/s121md105_01/EPIC-KITCHENS/C1-Action-Recognition-TSN-TRN-TSM/rgb_train/rgb_validation

Set the environment variable HYDRA_FULL_ERROR=1 for a complete stack trace.
